<?xml version="1.0" encoding="UTF-8"?>
<!-- Generated by org.testng.reporters.JUnitXMLReporter -->
<testsuite ignored="0" hostname="hhgregg" failures="0" tests="12" name="My test1" time="40.526" errors="0" timestamp="2021-01-20T14:37:04 IST">
  <testcase classname="module1_testcase.LeftSideDog" name="landing" time="2.208"/>
  <testcase classname="module1_testcase.LeftSideDog" name="select_dog" time="1.624"/>
  <testcase classname="module1_testcase.LeftSideDog" name="product_page" time="1.971"/>
  <testcase classname="module1_testcase.LeftSideDog" name="item_id" time="1.944"/>
  <testcase classname="module1_testcase.LeftSideDog" name="add_to_cart" time="1.71"/>
  <testcase classname="module1_testcase.LeftSideDog" name="shopping_cart" time="1.776"/>
  <testcase classname="module1_testcase.LeftSideDog" name="sign_in" time="9.492"/>
  <testcase classname="module1_testcase.LeftSideDog" name="click_cart" time="1.702"/>
  <testcase classname="module1_testcase.LeftSideDog" name="click_proceed" time="2.384"/>
  <testcase classname="module1_testcase.LeftSideDog" name="click_continue" time="2.184"/>
  <testcase classname="module1_testcase.LeftSideDog" name="click_confirm" time="2.35"/>
  <testcase classname="module1_testcase.LeftSideDog" name="click_sign_out" time="2.035"/>
</testsuite> <!-- My test1 -->
