<?xml version="1.0" encoding="UTF-8"?>
<!-- Generated by org.testng.reporters.JUnitXMLReporter -->
<testsuite ignored="0" hostname="hhgregg" failures="0" tests="3" name="Default test" time="665.919" errors="0" timestamp="2021-01-22T20:42:12 IST">
  <testcase classname="testcases.Senario1_testcase" name="landing_page" time="19.019"/>
  <testcase classname="testcases.Senario1_testcase" name="FishTest" time="298.113"/>
  <testcase classname="testcases.Senario1_testcase" name="DogTest" time="333.575"/>
</testsuite> <!-- Default test -->
